<?xml version="1.0" encoding="UTF-8"?>
<robot generator="Robot 4.1.3 (Python 3.9.2 on win32)" generated="20220706 01:48:21.786" rpa="false" schemaversion="2">
<suite id="s1" name="Simultanious data voice" source="E:\LT\Python_Programs\Android_Project\Mobile_Automation_Suite\Simultanious_data_voice.robot">
<test id="s1-t1" name="TC1">
<kw name="Make Call" library="Common_Functionality">
<kw name="Launch Phone App" library="Common_Functionality">
<kw name="Open Application" library="AppiumLibrary">
<arg>http://localhost:4723/wd/hub</arg>
<arg>platformName=Android</arg>
<arg>deviceName=${device_Name}</arg>
<arg>appPackage=com.google.android.dialer</arg>
<arg>appActivity=com.android.dialer.main.impl.MainActivity</arg>
<arg>noReset=${True}</arg>
<arg>appWaitForLaunch=${False}</arg>
<doc>Opens a new application to given Appium server.
Capabilities of appium server, Android and iOS,
Please check https://github.com/appium/appium/blob/master/docs/en/writing-running-appium/server-args.md
| *Option*            | *Man.* | *Description*     |
| remote_url          | Yes    | Appium server url |
| alias               | no     | alias             |</doc>
<status status="PASS" starttime="20220706 01:48:22.249" endtime="20220706 01:48:35.558"/>
</kw>
<kw name="Set Screenshot Directory" library="SeleniumLibrary">
<arg>${EXECDIR}${/}Screenshots</arg>
<doc>Sets the directory for captured screenshots.</doc>
<status status="PASS" starttime="20220706 01:48:35.559" endtime="20220706 01:48:35.561"/>
</kw>
<kw name="Set Selenium Implicit Wait" library="SeleniumLibrary">
<arg>30s</arg>
<doc>Sets the implicit wait value used by Selenium.</doc>
<status status="PASS" starttime="20220706 01:48:35.561" endtime="20220706 01:48:35.562"/>
</kw>
<status status="PASS" starttime="20220706 01:48:22.248" endtime="20220706 01:48:35.562"/>
</kw>
<kw name="Sleep" library="BuiltIn">
<arg>2s</arg>
<doc>Pauses the test executed for the given time.</doc>
<msg timestamp="20220706 01:48:37.576" level="INFO">Slept 2 seconds</msg>
<status status="PASS" starttime="20220706 01:48:35.562" endtime="20220706 01:48:37.577"/>
</kw>
<kw name="Click Element" library="AppiumLibrary">
<arg>id=dialpad_fab</arg>
<doc>Click element identified by `locator`.</doc>
<msg timestamp="20220706 01:48:37.590" level="INFO">Clicking element 'id=dialpad_fab'.</msg>
<status status="PASS" starttime="20220706 01:48:37.577" endtime="20220706 01:48:37.908"/>
</kw>
<kw name="Sleep" library="BuiltIn">
<arg>1s</arg>
<doc>Pauses the test executed for the given time.</doc>
<msg timestamp="20220706 01:48:38.921" level="INFO">Slept 1 second</msg>
<status status="PASS" starttime="20220706 01:48:37.908" endtime="20220706 01:48:38.922"/>
</kw>
<kw name="Input Value" library="AppiumLibrary">
<arg>id=digits</arg>
<arg>8073934821</arg>
<doc>Sets the given value into text field identified by `locator`. This is an IOS only keyword, input value makes use of set_value</doc>
<msg timestamp="20220706 01:48:38.923" level="INFO">Setting text '8073934821' into text field 'id=digits'</msg>
<status status="PASS" starttime="20220706 01:48:38.923" endtime="20220706 01:48:39.326"/>
</kw>
<kw name="Sleep" library="BuiltIn">
<arg>1s</arg>
<doc>Pauses the test executed for the given time.</doc>
<msg timestamp="20220706 01:48:40.336" level="INFO">Slept 1 second</msg>
<status status="PASS" starttime="20220706 01:48:39.328" endtime="20220706 01:48:40.337"/>
</kw>
<kw name="Click Element" library="AppiumLibrary">
<arg>id=dialpad_voice_call_button</arg>
<doc>Click element identified by `locator`.</doc>
<msg timestamp="20220706 01:48:40.339" level="INFO">Clicking element 'id=dialpad_voice_call_button'.</msg>
<status status="PASS" starttime="20220706 01:48:40.338" endtime="20220706 01:48:40.602"/>
</kw>
<kw name="Sleep" library="BuiltIn">
<arg>1s</arg>
<doc>Pauses the test executed for the given time.</doc>
<msg timestamp="20220706 01:48:41.611" level="INFO">Slept 1 second</msg>
<status status="PASS" starttime="20220706 01:48:40.604" endtime="20220706 01:48:41.612"/>
</kw>
<status status="PASS" starttime="20220706 01:48:22.248" endtime="20220706 01:48:41.613"/>
</kw>
<kw name="Launch Chrome Browser" library="Common_Functionality">
<kw name="Open Application" library="AppiumLibrary">
<arg>${HOST_NAME}</arg>
<arg>platformName=Android</arg>
<arg>deviceName=${device_Name}</arg>
<arg>appPackage=${app_Package}</arg>
<arg>appActivity=${app_Activity}</arg>
<arg>noReset=${True}</arg>
<doc>Opens a new application to given Appium server.
Capabilities of appium server, Android and iOS,
Please check https://github.com/appium/appium/blob/master/docs/en/writing-running-appium/server-args.md
| *Option*            | *Man.* | *Description*     |
| remote_url          | Yes    | Appium server url |
| alias               | no     | alias             |</doc>
<status status="PASS" starttime="20220706 01:48:41.616" endtime="20220706 01:48:53.978"/>
</kw>
<kw name="Set Selenium Implicit Wait" library="SeleniumLibrary">
<arg>30s</arg>
<doc>Sets the implicit wait value used by Selenium.</doc>
<status status="PASS" starttime="20220706 01:48:53.979" endtime="20220706 01:48:53.979"/>
</kw>
<kw name="Set Screenshot Directory" library="SeleniumLibrary">
<arg>${EXECDIR}${/}Screenshots</arg>
<doc>Sets the directory for captured screenshots.</doc>
<status status="PASS" starttime="20220706 01:48:53.981" endtime="20220706 01:48:53.984"/>
</kw>
<kw name="Click Element" library="AppiumLibrary">
<arg>id=home_button</arg>
<doc>Click element identified by `locator`.</doc>
<msg timestamp="20220706 01:48:53.996" level="INFO">Clicking element 'id=home_button'.</msg>
<status status="PASS" starttime="20220706 01:48:53.985" endtime="20220706 01:48:55.255"/>
</kw>
<kw name="Sleep" library="BuiltIn">
<arg>2s</arg>
<doc>Pauses the test executed for the given time.</doc>
<msg timestamp="20220706 01:48:57.274" level="INFO">Slept 2 seconds</msg>
<status status="PASS" starttime="20220706 01:48:55.255" endtime="20220706 01:48:57.274"/>
</kw>
<kw name="Input Text" library="AppiumLibrary">
<arg>id=search_box_text</arg>
<arg>Today Weather</arg>
<doc>Types the given `text` into text field identified by `locator`.</doc>
<msg timestamp="20220706 01:48:57.296" level="INFO">Typing text 'Today Weather' into text field 'id=search_box_text'</msg>
<status status="PASS" starttime="20220706 01:48:57.274" endtime="20220706 01:48:58.132"/>
</kw>
<kw name="Press Keycode" library="AppiumLibrary">
<arg>66</arg>
<doc>Sends a press of keycode to the device.</doc>
<status status="PASS" starttime="20220706 01:48:58.133" endtime="20220706 01:48:59.712"/>
</kw>
<kw name="Sleep" library="BuiltIn">
<arg>2s</arg>
<doc>Pauses the test executed for the given time.</doc>
<msg timestamp="20220706 01:49:01.726" level="INFO">Slept 2 seconds</msg>
<status status="PASS" starttime="20220706 01:48:59.712" endtime="20220706 01:49:01.727"/>
</kw>
<kw name="Wait Until Page Contains" library="AppiumLibrary">
<arg>Dharwad, Karnataka</arg>
<doc>Waits until `text` appears on current page.</doc>
<status status="PASS" starttime="20220706 01:49:01.727" endtime="20220706 01:49:03.669"/>
</kw>
<kw name="Sleep" library="BuiltIn">
<arg>2s</arg>
<doc>Pauses the test executed for the given time.</doc>
<msg timestamp="20220706 01:49:05.684" level="INFO">Slept 2 seconds</msg>
<status status="PASS" starttime="20220706 01:49:03.671" endtime="20220706 01:49:05.684"/>
</kw>
<status status="PASS" starttime="20220706 01:48:41.614" endtime="20220706 01:49:05.684"/>
</kw>
<kw name="Sleep" library="BuiltIn">
<arg>5s</arg>
<doc>Pauses the test executed for the given time.</doc>
<msg timestamp="20220706 01:49:10.695" level="INFO">Slept 5 seconds</msg>
<status status="PASS" starttime="20220706 01:49:05.688" endtime="20220706 01:49:10.696"/>
</kw>
<kw name="Close All Applications" library="AppiumLibrary">
<doc>Closes all open applications.</doc>
<status status="PASS" starttime="20220706 01:49:10.699" endtime="20220706 01:49:11.873"/>
</kw>
<status status="PASS" starttime="20220706 01:48:22.247" endtime="20220706 01:49:11.875"/>
</test>
<status status="PASS" starttime="20220706 01:48:21.790" endtime="20220706 01:49:11.879"/>
</suite>
<statistics>
<total>
<stat pass="1" fail="0" skip="0">All Tests</stat>
</total>
<tag>
</tag>
<suite>
<stat pass="1" fail="0" skip="0" id="s1" name="Simultanious data voice">Simultanious data voice</stat>
</suite>
</statistics>
<errors>
</errors>
</robot>
